Generation = 0, Population = 13.
.............
.............
.............
.............
.............
.............
.............
.............
....*****....
.......*.....
......*......
.....*.......
....*****....
.............
.............
.............
.............
.............
.............
.............
.............

Generation = 1, Population = 17.
.............
.............
.............
.............
.............
.............
.............
.....***.....
.....****....
........*....
......*......
....*........
....****.....
.....***.....
.............
.............
.............
.............
.............
.............
.............

Generation = 0, Population = 22.
.............................
.............................
.............................
...**........................
...*.......***......****.....
.............................
.............................
.............................
.............................
.............................
.............................
....*......*.........*.......
....**.....***......***......
.....*.......................
.............................
.............................
.............................
.............................
.............................
.............................

Generation = 1, Population = 30.
.............................
.............................
.............................
...**.......*........**......
...**.......*........**......
............*........**......
.............................
.............................
.............................
.............................
.............................
....**.....*........***......
....**.....**.......***......
....**......*........*.......
.............................
.............................
.............................
.............................
.............................
.............................

Generation = 0, Population = 35.
.....................................................................
.....................................................................
.....................................................................
.....................................................................
.....................................................................
.....................................................................
.....................................................................
.....................................................................
.....................................................................
.....................................................................
.....................................................................
.....................................................................
.....................................................................
.....................................................................
.....................................................................
.....................................................................
.....................................................................
.....................................................................
.....................................................................
.....................................................................
.....................................................................
.....................................................................
.....................................................................
.....................................................................
.....................................................................
.....................................................................
.....................................................................
.....................................................................
.....................................................................
.....................................................................
.....................................................................
.....................................................................
.....................................................................
.....................................................................
..................................*..................................
..................................*..................................
..................................*..................................
..................................*..................................
..................................*..................................
.....................................................................
..................................*..................................
..................................*..................................
..................................*..................................
..................................*..................................
..................................*..................................
.....................................................................
..................................*..................................
..................................*..................................
..................................*..................................
..................................*..................................
..................................*..................................
.....................................................................
..................................*..................................
..................................*..................................
..................................*..................................
..................................*..................................
..................................*..................................
.....................................................................
..................................*..................................
..................................*..................................
..................................*..................................
..................................*..................................
..................................*..................................
.....................................................................
..................................*..................................
..................................*..................................
..................................*..................................
..................................*..................................
..................................*..................................
.....................................................................
..................................*..................................
..................................*..................................
..................................*..................................
..................................*..................................
..................................*..................................
.....................................................................
.....................................................................
.....................................................................
.....................................................................
.....................................................................
.....................................................................
.....................................................................
.....................................................................
.....................................................................
.....................................................................
.....................................................................
.....................................................................
.....................................................................
.....................................................................
.....................................................................
.....................................................................
.....................................................................
.....................................................................
.....................................................................
.....................................................................
.....................................................................
.....................................................................
.....................................................................
.....................................................................
.....................................................................
.....................................................................
.....................................................................
.....................................................................
.....................................................................
.....................................................................
.....................................................................
.....................................................................
.....................................................................
.....................................................................

Generation = 1, Population = 63.
.....................................................................
.....................................................................
.....................................................................
.....................................................................
.....................................................................
.....................................................................
.....................................................................
.....................................................................
.....................................................................
.....................................................................
.....................................................................
.....................................................................
.....................................................................
.....................................................................
.....................................................................
.....................................................................
.....................................................................
.....................................................................
.....................................................................
.....................................................................
.....................................................................
.....................................................................
.....................................................................
.....................................................................
.....................................................................
.....................................................................
.....................................................................
.....................................................................
.....................................................................
.....................................................................
.....................................................................
.....................................................................
.....................................................................
.....................................................................
.....................................................................
.................................***.................................
.................................***.................................
.................................***.................................
.....................................................................
.....................................................................
.....................................................................
.................................***.................................
.................................***.................................
.................................***.................................
.....................................................................
.....................................................................
.....................................................................
.................................***.................................
.................................***.................................
.................................***.................................
.....................................................................
.....................................................................
.....................................................................
.................................***.................................
.................................***.................................
.................................***.................................
.....................................................................
.....................................................................
.....................................................................
.................................***.................................
.................................***.................................
.................................***.................................
.....................................................................
.....................................................................
.....................................................................
.................................***.................................
.................................***.................................
.................................***.................................
.....................................................................
.....................................................................
.....................................................................
.................................***.................................
.................................***.................................
.................................***.................................
.....................................................................
.....................................................................
.....................................................................
.....................................................................
.....................................................................
.....................................................................
.....................................................................
.....................................................................
.....................................................................
.....................................................................
.....................................................................
.....................................................................
.....................................................................
.....................................................................
.....................................................................
.....................................................................
.....................................................................
.....................................................................
.....................................................................
.....................................................................
.....................................................................
.....................................................................
.....................................................................
.....................................................................
.....................................................................
.....................................................................
.....................................................................
.....................................................................
.....................................................................
.....................................................................
.....................................................................
.....................................................................
.....................................................................
.....................................................................
.....................................................................

Generation = 0, Population = 4.
--------------------
--------------------
--------------------
--------------------
--------------------
--------------------
--------------------
--------------------
--------------------
---------00---------
---------00---------
--------------------
--------------------
--------------------
--------------------
--------------------
--------------------
--------------------
--------------------
--------------------

Generation = 1, Population = 8.
--------------------
--------------------
--------------------
--------------------
--------------------
--------------------
--------------------
--------------------
---------00---------
--------0--0--------
--------0--0--------
---------00---------
--------------------
--------------------
--------------------
--------------------
--------------------
--------------------
--------------------
--------------------

Generation = 0, Population = 6.
--------------------
--------------------
--------------------
--------------------
--------------------
--------------------
--------------------
--------------------
--------------------
---------00---------
--------0000--------
--------------------
--------------------
--------------------
--------------------
--------------------
--------------------
--------------------
--------------------
--------------------

Generation = 1, Population = 12.
--------------------
--------------------
--------------------
--------------------
--------------------
--------------------
--------------------
--------------------
---------00---------
--------------------
-------011110-------
--------0000--------
--------------------
--------------------
--------------------
--------------------
--------------------
--------------------
--------------------
--------------------

Generation = 0, Population = 363.
***.*...*****..*.**..**.**
..***..*********..**...*.*
..*.*...*.***.*.*.*.*.****
**.*..*....****....*.*...*
.*.*.*..**..****...*..*..*
*.****....**...***......*.
....**.**..*.*.*....******
***.**.*....**.**..*..*..*
**....**..*******.*.*...*.
...***..**.....***..*.....
...**.*****.*.***********.
*..*....**....**...***.*.*
.****.**.**.*.*.**..*.***.
.**.**..**..*....****.**..
***..*.******.**.......*.*
***.*.*.*****....*.*..*.**
****...*.*..***.......*.**
*....***.**.*.**...*......
***...*..***.*.****..*..*.
.**.*.*....*....*.*..****.
*....****.***.****..**.**.
.*.******...*..****.*.**.*
.*..*.***..****.*...***.*.
*.***..*..*****...**.**.**
*.*.*.*........**.....****
.*.*.*.*.*.**.*..*.**.**.*
.*.***.*......*.**.**..***

Generation = 1, Population = 202.
.**.*..*.......*****..****
....**.*............*.....
....**..*........**.****..
**.*.*.**.........**.*....
.....**..*........*.*...**
.**....*..**........*.....
*......**.**.*...*..***...
*.***.....*......*.*..*..*
*......*.***......*.**....
..**..................*.*.
..*...*...*..*.........***
.*.......................*
*.....**..**..*.**........
............*.*..****....*
................**..**...*
....***........*......*...
...**.........**..*.....**
...*.*.*.........**....***
*.**....**...*....****..*.
..**....*....*....**.....*
*.......***.***.....*.....
****......*.......*......*
**.......**.....*.........
*.*.*...*.*.....**.*......
*.....***......***........
**.....**....**..*.**.....
**.*.*.*..***.*.**.......*

Generation = 0, Population = 370.
00---00000--0-00--000-0000
----00-00--------0-00---00
-0---0--00000--00-00-0--00
00----00-0--00--0000--0-00
000-0-000-0-0--0-0---000--
00---00----00000--0-000--0
00--00000-00-00--0-----0--
-0--00-000000-0-000000-00-
0-00-00---0-000---00---000
000-0------0--0---0000----
----000-000-00-0-000000-0-
00-000000---0-0--00--00---
00---00--000---0000-000-0-
00-000----000---0000---0-0
--00----0-0--0-00000-0-0--
0000-00-00-00-00-0--00--0-
000---0000000---0--00--0-0
0----000000-00---0--00-0-0
000------0-0-00---0--00-00
0---0-0--0----0---00-00000
-000--0--0-00-0-00--0---0-
--0000--0-0-000000--00000-
---0-----00---000---00000-
-------00-00-00--0-0-00---
-0-0--------000000--0-0-00
0-00000000000-00-0-0-00-0-
0---0-000---000-----000--0

Generation = 1, Population = 349.
110----11100--110-11--1-1-
0--0110-1000--0----1--0-11
-10--1-0-1----01---10--011
-1--0----10-1100-11-0010--
1-1--01110-0-0-10100---1--
11--0-10--0-111-00--11-00-
-100--11-0-1--1--100---1-0
01---1--1--1----1111-1-1--
1--1--1-0-1---100-110-0-11
---010--000-001---1-1--0-0
--0-11-0--10-1-----11----0
---11----0--10-0-11-0110--
110-01---11-0--11-1011-0--
--0-----0-111--01------10-
-0-1--0010100-0-1-1-01-1-0
-1---1-01----01--1-0--00--
11---011--111-0--001100101
-0--01111-------------010-
1-1000-0--0-0--0--1--1---1
10----100-0-0--00--10-1---
-11-0-10-101-0-0----10-0--
-----1-0--10---1--00111110
---1-0-0011-0011-0-----1-0
-0----0110-10-1001----1--0
--01-00--0-0-1-1-100-----1
10111-111---1-1-01----1-10
100-10-1--0------0--11-0--

Generation = 0, Population = 406.
.*.**.......*..*.....**.*.**
..*..***.**.**..*...*..**.*.
..*.*.**.....*.*....*.....**
..**.****..**.****.....*..*.
..**.*...*.*..***.......*.**
...*.*......*..***..*..****.
*.*..**.**.***..*...*...**..
.*.*.**.*.*.***..**.**..***.
.*....*..****.***.*....**..*
****..*..**...**...**.**.*..
..***.**...***********..*.*.
*..*.**.*.*..**...***..*.***
***.**.*.**.**.*.*****.***.*
.***..**.**....**.*.*.****.*
....***..**....***..**.*.*.*
*..*.*.*.**..*.***....**.*..
*.*...*.**.***.*....*..*****
***......******..****.**.*.*
**..**.*..*.*...**....**....
**.....*............**.*****
***..***.*...*..*..****..*.*
.*.*.*.***.*..*.***.**...**.
****.**.***..**...***...*.*.
*...*..****..*...*..**..*.**
..**.*.**..*****..*********.
*.**..*..*****..*.**...**...
*.**...*****.*.*.****.**.*..
**.***.*...*....*..****...*.
*..***....*...*..***.*.*.*..

Generation = 1, Population = 218.
..*****....***.......**.*.**
.**....**..***.**...*.***...
.**.*....**......*.....**.**
.*......*.***....*..........
.....*.**.**...............*
.*.*.*..**.......*.....*...*
.***....***.......*.*.......
**..*...*.........*.**....**
...**.*.*...*...*.*.........
*...*.*.**............*..**.
*.......*..**...**..........
*.......*.*............*....
*...........**.*............
*......*...................*
.*.........*......***....*..
.*.*...*.....*...*..*.......
*.**..**.......*....*......*
..**.***......**.****....*.*
......*.***.*...**..........
....*..*........**.*.....*.*
....**...**....**.*....*...*
...*........*.*.*.....*.*..*
*..*.*.....******.......*...
*..............*.*.........*
..*..*.........**.........**
......*.........*.........*.
*....*.*.....***.........*..
*....*.*...**.***........**.
****.**..........***.*......

Generation = 0, Population = 372.
*.....*..*..**...*.**.**...*
***.****..*.*...*.****..****
*.*.*.***..*..**.*.***....*.
*.**..*...*..**.**.*....*..*
.**..**.*...**.***.....*..**
**.**.***.*.*...*.*..**.****
*....*.***...*.******.**...*
****.**..*******....***.*..*
*.*.*.*****...****..*...**.*
*....**.*.*****.*.***.*..*..
.*****..**..****..*.*.*...**
****....*...*.***...**..**..
***.*.**.***.*.***.**.*.**.*
.***..**..*.*.**.***.*...*.*
.*...**.*..*.**.****..**.**.
****....****.*.....**.**....
**..*..*...***.*.*..*.*...**
..*.*.........*.*.*****.....
*********.**.****.*...**..*.
**..*.*.***.****.....*.*....
...**.*..***..***....*.*....
...*....*..*****...**.****..
....*****.*....***.**.*.....
....*...*.**.**.***..*..**.*
*.*****....*.*.....***.....*
*...*...**.**.*****.****.**.

Generation = 1, Population = 197.
*.....**...***...*....****.*
*.*.*....**.*.***......***.*
*...*...*****.*......*..*...
*...*...**.*.......*.....*..
........*...*.........**....
*..**......**.......**..**..
..................*.........
*.**.......**.........*.**.*
*.*.*............**...*.**..
*.................*.*..***..
.....**.*.*.......*...***.*.
......*...........*...*.*...
....***..**...........**...*
...**................*.....*
....***.*.......*......*.**.
...****.**.....*....*...**..
*...*...**.*.*.***..........
........*.*.......*.*.....**
*.....*.*.**....*.*....*....
*................*...*.**...
..***...........*....*......
...*....*...**...***....*...
...****.*.*...........*...*.
........*.**.**.......*...**
.*.....**..............*...*
.*..*.....*********...*...*.

Generation = 0, Population = 402.
-0--0-0--0---0-00-0-0-0000--0
000--00--000000000-0--0-0-00-
0-0-00---0----000-0----00--00
0--000-00-0-00-00--000-0000-0
-00----000-0-0--0000---0---00
-00------000000-00-0-000--0--
000--0--0----0000----000--0-0
00----00-0-0--000--0-00--0---
00------00000-000--00-0-00---
-00000000-0-0-000--0-0-------
---00---0-0000-0-0--00---00-0
000000-00-000---00--0--0--000
0----0-000-0---0------0---000
--00000-0--0-00---0--000-000-
--000--00--0-00-0--00---00-0-
000---0---0-0-0--00-0000000-0
--0000-0--00----0-----000---0
--0-00--00-000000------000-00
0000-0-00--0----000000-000--0
00---00-0-000--0---00--0-0-00
0-0-000--0-0-0-0000000000-00-
--000--00-0------000000---0--
---0-0--000-00-00--0-0-0--000
00-0000000-0---000000-00--0-0
-0-00-0-0--0-00000---0--00-0-
-0000-0000000---000-0-----00-

Generation = 1, Population = 383.
-1-0-01001-0-10--0-0----11---
-1-00--001---11--1---01--01-0
-010-1-0-100-0--10-000--1-0--
1-011------01-0-1-0--1-11-1--
----000-1--1----11-1-----001-
-110-0-00--1---01-01--11001--
---00----00----11---01--0-1--
11----11-101--1-10010-1--1--0
-1-000-0-111--1-10011-1-1-0--
---11---10---0----01-1--0-0-0
0-011000--11-101-10---0001-01
---11---10-----01-001---0-111
1---0-0--10--0---00-0-10--1--
00-1111---0-----00---1110-11-
0-11--01-0-10-1---01-0-0-1-1-
1-10---0001--0100110--11-1101
0-1-1-0-----00--1-0-0---100--
0----100-101----1-0000-1---11
-1110-011---0000---111-11100-
1-00-1-0101-1-010-0110---10--
1010-1--0--10----11--11110---
00-1-0-1--1-0---0-1-1--000-00
00---1-011-011---00--1-1001--
1--1111---01---1-1-11-1---1-1
--0110---0--01-1-1000---11-1-
0--1----1--11-0--11-----0-1-0

Generation = 0, Population = 336.
-0000--------00-------0-0
00--00---00-00-00--00-00-
0----0-00------0-0-00-0--
-0-00--0-0000--0-00-0----
---0--00-----0-0-0---0-0-
0--000000-0-0--000--0000-
000---0---00--0-00--000-0
0-0-00------0-00--0-0----
--00-0---00000000---00-00
-00-00-0-0-0--00---0-00-0
00-0-000--00-----0-000000
-0-000--00000-00000-00--0
00--000-0---0---000---00-
0-0-000-0-000--0-0--00---
--00-00--000--0-0-00-0000
-----0-0-000-00000-0-----
--00--0-000-0--0000--0000
-000000----0---00-00---00
00--000-0---0-00--0--0---
0---000--000-----00--0---
--0--0--0-00000-0-00000-0
0--0--0----0--0-0-0-0000-
---0-0--00-00-00-00--00--
-000---0-000---0-0-0000--
--00-00000000-0--------0-
0--0--0----0-0-000-0--0-0
0-0--00-0-0-00---0-0-0-00

Generation = 1, Population = 320.
---------00---1-0--00010-
------00-11-1-0-1-0---11-
10-001--10-0-00-010-1-1--
----1---01--1-0--1101-00-
000-0--1-0-00---0---01010
1------11-10----1100--1--
1----01-00-1001----011-0-
10-01----0-0101-0----000-
0-11--000--11---100---01-
----1101-1-------001-1---
1101-1---0-1-----10-1-1-1
0---110---11--1-1--0--001
----1------0-000---0-011-
1010--1-10-1-0---10-1-0-0
00-101-----1--1-1-1-0---1
----01--01--0111---10----
-----01011-----1-1-001-1-
--111110-0--0--1-0110----
----1-1---00--1-----01000
1-00---0011-00-0-11-----0
-0---100-0------101-1--0-
-0-100-0-0--0--010-0---1-
00------1-011---0---011--
01110--1-1110-01-101-1---
0--1-111-11-10-00---000--
100100---001-101---10---1
1---01-----01-00-1-1--01-

Generation = 0, Population = 316.
-000000-0-0---------0-0-0
--0-0---0-0-0-000--0-----
-0--0--00-0000-00--0-0--0
0--0---00-00---00--0-0-00
00-00--0--0---0-0---00000
-0---000----00-0--00-0--0
-00-----00-----0-----0-0-
000-0--00-0-000--0---0--0
-0-0---00---000000------0
---0--00--000--00-----00-
--0---0-----0-0-0-0---000
0000-00--0----0-00-0----0
-000--000-000-0---0000--0
00000----0---0--0000--0-0
-0----0000--00--0-00-0-00
0-0---0--0--00--0-0--0---
00-0-0----0-00-000--0-000
-0--000-0-0--0-----0-0-00
--0-0------00--00-00-00-0
00-0-0-0-----00-0-000-000
---0---0-----0--00----0-0
000-0--0-00--00-00--0-0--
---000----0------0-0---0-
---00-00-0-0000--0-00-0--
----0----00-0---000--0-0-
00--00--0-0--0---00000-0-
-0--0-----00000000--0-0-0
----0-----0--0000---000-0

Generation = 1, Population = 372.
011-1-1-1-100-000--------
-010--0----01011-001-00--
----100-1-111101100--10-1
10010-01--1--0--10010-0-1
----1----01-0---10001--11
---0-1---0001101-0110--01
-1-00000-1-----100000---0
1--0-00-10---1-0-10-010-1
-101---1-0--11111-0--00-1
-0-100---01-1-0-1-0--0--0
0-10-----00-1-10-0---0-1-
11---11----0-0---1-1-00--
01-1----1-1-1010-0---1-0-
1-1110--01-001-0---1-0-0-
010000---100-100-01--101-
1-----1--1-0110--01--1---
--0-010-0-1--1-111----11-
-1---11---1-010--0-101--1
00-010000--110-1---10----
11010--10--0--10-0-1101-1
---1-00-000-0-001--0-0-01
1-1-1-01-1-00-1--10---1-0
00---1---01-0------10-0-0
--0-1011-1-11-10--0-10-0-
00----00---010001--001010
1-001100-0--01-0011-1-01-
-100----001---111-----101
-0-010---01---11---0----1

Generation = 0, Population = 313.
-0--0000-000--000-00-0--0
--000-----0-0--00000----0
00--0--000-00---0-00---00
--0--0-00--0-0000-00-0---
0-0--------0--------0-000
0--0--00000-00-000-00--00
--00--------00----00--00-
--0-----0--0--0-000-0000-
-000-0-0--0-0000--0-0-000
--00-000-0--00-0-0-0-0000
--000-0-0--0-00000---0-0-
-000--0000----00--0---00-
-00--0--0--0000--00---000
000--0---0--0-000-0-00---
00---000-000-0-0----0-000
-0--000-00-0-00-00--00-00
0-0-0---00----0-0-----00-
--0-0000---0-0-00--00----
0-0-00-000---0--000-0-00-
00-000-0-0-000--0-0-000--
--0000----00--00--0000-0-
----0--000-0-00----00-000
0--0-0--0-00--000-0-00-0-
0--000--00--0-00-00--00--
00----0---00-0--000--0-0-

Generation = 1, Population = 320.
0------1-111-011-0----001
001-1-0-001-10-----100---
110-1-0-110---00-0110001-
--10------0-01------0----
1-1--00--0-1--0--0001011-
1001001---10---1-10--001-
00--0-00-00----0-0--0--1-
---0-0---0--00101-10---1-
01---101---0-11--0101-1--
--110-1-0----1--010-0-1--
--1-10--100-0-1----001---
0--------10-001--010---1-
-11-01--10011-10-1100--11
---00--0-1-01--1101--10--
-1---11101--01-10000--11-
01-0-1-0-101---0-100-1-1-
-01--0----0--010---0--1--
-0--11--0-0--1011--1-0---
10101101--0---0-1--0-0-10
-1---1-1010-----10-011-0-
0-11--0-0011-0-1-0-1---1-
0-00100111---1100-0-1-1-1
1001-10---1---111010---1-
--0----0-100-0----10-110-
-1000--00-110---11-0010-0

Generation = 0, Population = 379.
*.0*.**-0*-0.0.-0-*..-*-*-.
*0-.0.*00*0.-0..--0-..-000-
.-0--*0*--*.0.*-*0*.0--.*.*
---0.0**.*0.-00.*-.---**.--
0**--*0..*....-0..*0.--.00.
0**00*0.-0-*--.**-*-*.-0--.
*.-.*-.000*-.--000---0-00*.
*-*.-0.*0*0*0**0.-.-0--.0.*
***0**00-*-*0-0000-*-0.-**0
.--.--0.*0*0.*..-*-.0.*0.--
*-*0.-.00.**.0*-***.-*..-0.
.-*.-*...*--0**0.00*0-**0*.
---..-.00.-*0--0.-0***0*-.*
-***-*-*.00-.-0.0.**0-00-0.
-.0-*0-*0-*0*0*--*.*00*0.-*
-00*.*-**.*.--.0*-0--0.-*-*
0*-0*0.*-.-*..*0*--0--.-0-*
.*-.0*..*-0*0-*0*.0-.00*...
*-**.**0-*-**00*..*-..0*-*-
-.**0**0..0-*0-*0.0-0--0*.*
.***-.*--*-0.**.*-**..0**.*
00.0-.0-*----*0..-.0-*0*0*0
0**000-*.*0**.--*-0...--*-0
*.0-*0-0*.0*0000--.0*.*.0.*
.0*-0....-**-.0--*..-.-0.*0
00*--0--***00*00-**--**.*.*
00**.0**.0-*--....--*----**

Generation = 1, Population = 270.
*.1****0-.0-*1.0--...0.0*-.
*10.-..11.-.-1**---0..-1-1-
.----.-.-0..-.*-*-**-00....
000-.1...*-*-1-.*-.000.*.00
-..0-.1..*....-1..*1.-0.11.
1..-1.-.--0.0-*..0*0*.010-.
*.-..0.-1-.0.0-111--0---1**
*0*.01..1.1.1..1.-*--0-.-..
*.*-*.1--.-.---1---*--*-*.-
*0-.0-1..1.1....0.-*-.*1.-0
.-*1.0*1-....1.0....0...-1.
.0**0.*..*-0-..-.--.--..-*.
-0-**-.-1.-*--01.-1...-.-.*
0***0*-..1-0.-1.-...1-11--.
-.--.1-.-0.-*-*-0...11.-.-*
--1...-...*.00.-.0-0-1.-*-*
1.0-.1.*0.0.**.-.00-0-.-1-.
..-.-...*01.-0.-..1-.11..*.
.0.....-0*-..11...*0..-.0*-
0...-..-.*--.1-.-.-0-001..*
*...-..--*0-....*-*...-....
-1.--.10*00--.-..-.1-*1.-.1
1..11-0...1...--.--...--.0-
*.-0.---*.1.1-11-0*1....1..
.-.-1.**.-..0.-00*.*0.0-..1
--.--1--*..--*11-**0-****..
-1.*.-.*.10.-0.***00*-0--.*

